{"C:\\Users\\diego\\OneDrive\\Desktop\\Udemy\\Node-Udemy\\02_bases\\src\\js-foundation\\01_template.ts": {"path":"C:\\Users\\diego\\OneDrive\\Desktop\\Udemy\\Node-Udemy\\02_bases\\src\\js-foundation\\01_template.ts","all":false,"statementMap":{"0":{"start":{"line":1,"column":0},"end":{"line":1,"column":0}},"1":{"start":{"line":2,"column":0},"end":{"line":2,"column":0}},"2":{"start":{"line":3,"column":0},"end":{"line":3,"column":57}},"3":{"start":{"line":4,"column":0},"end":{"line":4,"column":54}},"4":{"start":{"line":5,"column":0},"end":{"line":5,"column":32}}},"s":{"0":1,"1":1,"2":1,"3":1,"4":1},"branchMap":{},"b":{},"fnMap":{},"f":{}}
}
