TN:
SF:src\js-foundation\01_template.ts
FNF:0
FNH:0
DA:1,1
DA:2,1
DA:3,1
DA:4,1
DA:5,1
LF:5
LH:5
BRF:0
BRH:0
end_of_record
TN:
SF:src\js-foundation\02_destructuring.ts
FNF:0
FNH:0
DA:1,1
DA:2,1
DA:3,1
DA:4,1
DA:5,1
DA:6,1
DA:7,1
LF:7
LH:7
BRF:0
BRH:0
end_of_record
TN:
SF:src\js-foundation\03_callbacks.ts
FN:14,getUserByid
FNF:1
FNH:1
FNDA:2,getUserByid
DA:1,1
DA:2,1
DA:3,1
DA:4,1
DA:5,1
DA:6,1
DA:7,1
DA:8,1
DA:9,1
DA:10,1
DA:11,1
DA:12,1
DA:13,1
DA:14,2
DA:15,2
DA:16,2
DA:17,2
DA:18,1
DA:19,1
DA:20,1
DA:21,1
DA:22,1
DA:23,1
DA:24,1
DA:25,1
DA:26,1
LF:26
LH:26
BRDA:14,0,0,2
BRDA:17,1,0,1
BRDA:15,2,0,3
BRF:3
BRH:3
end_of_record
TN:
SF:src\js-foundation\05_factory.ts
FN:11,makePerson
FNF:1
FNH:1
FNDA:2,makePerson
DA:1,1
DA:2,1
DA:3,1
DA:4,1
DA:5,1
DA:6,1
DA:7,1
DA:8,1
DA:9,1
DA:10,1
DA:11,1
DA:12,2
DA:13,2
DA:14,1
DA:15,1
DA:16,1
DA:17,1
DA:18,1
DA:19,1
DA:20,1
DA:21,1
DA:22,2
DA:23,1
DA:24,1
DA:25,1
DA:26,1
DA:27,1
DA:28,1
DA:29,1
DA:30,1
DA:31,1
DA:32,1
DA:33,1
DA:34,1
LF:34
LH:34
BRDA:11,0,0,2
BRDA:13,1,0,1
BRF:2
BRH:2
end_of_record
TN:
SF:src\js-foundation\06-promises.ts
FN:5,getPokemonById
FNF:1
FNH:1
FNDA:2,getPokemonById
DA:1,1
DA:2,1
DA:3,1
DA:4,1
DA:5,1
DA:6,2
DA:7,2
DA:8,2
DA:9,2
DA:10,2
DA:11,2
DA:12,2
DA:13,2
DA:14,2
DA:15,2
DA:16,2
DA:17,2
DA:18,1
DA:19,1
DA:20,1
DA:21,1
DA:22,2
DA:23,2
DA:24,2
DA:25,2
DA:26,2
DA:27,2
LF:27
LH:27
BRDA:5,0,0,2
BRDA:17,1,0,1
BRF:2
BRH:2
end_of_record
TN:
SF:src\plugins\get-age-plugin.ts
FN:1,getAge
FNF:1
FNH:1
FNDA:3,getAge
DA:1,1
DA:2,3
DA:3,3
DA:4,3
DA:5,3
DA:6,3
LF:6
LH:6
BRDA:1,0,0,3
BRF:1
BRH:1
end_of_record
TN:
SF:src\plugins\get-uuidv-plugin.ts
FN:4,getUuidv
FNF:1
FNH:1
FNDA:1,getUuidv
DA:1,1
DA:2,1
DA:3,1
DA:4,1
DA:5,1
DA:6,1
DA:7,1
LF:7
LH:7
BRDA:4,0,0,1
BRF:1
BRH:1
end_of_record
TN:
SF:src\plugins\http-client.ts
FN:5,get
FNF:1
FNH:1
FNDA:3,get
DA:1,1
DA:2,1
DA:3,1
DA:4,1
DA:5,1
DA:6,3
DA:7,3
DA:8,2
DA:9,2
DA:10,2
DA:11,2
DA:12,1
DA:13,1
DA:14,3
DA:15,3
DA:16,3
DA:17,3
DA:18,3
DA:19,3
DA:20,3
DA:21,1
DA:22,1
DA:23,1
DA:24,1
DA:25,1
DA:26,1
DA:27,1
LF:27
LH:27
BRDA:5,0,0,3
BRDA:8,1,0,2
BRDA:11,2,0,1
BRF:3
BRH:3
end_of_record
TN:
SF:src\plugins\index.ts
FN:1,get
FN:2,get
FN:3,get
FN:4,get
FNF:4
FNH:1
FNDA:1,get
FNDA:0,get
FNDA:0,get
FNDA:0,get
DA:1,1
DA:2,1
DA:3,1
DA:4,1
LF:4
LH:4
BRDA:1,0,0,1
BRF:1
BRH:1
end_of_record
TN:
SF:src\plugins\logger.plugin.ts
FN:32,buildLogger
FNF:1
FNH:0
FNDA:0,buildLogger
DA:1,1
DA:2,1
DA:3,1
DA:4,1
DA:5,1
DA:6,1
DA:7,1
DA:8,1
DA:9,1
DA:10,1
DA:11,1
DA:12,1
DA:13,1
DA:14,1
DA:15,1
DA:16,1
DA:17,1
DA:18,1
DA:19,1
DA:20,1
DA:21,1
DA:22,1
DA:23,1
DA:24,1
DA:25,1
DA:26,1
DA:27,1
DA:28,1
DA:29,1
DA:30,1
DA:31,1
DA:32,1
DA:33,0
DA:34,0
DA:35,0
DA:36,0
DA:37,0
DA:38,0
DA:39,0
DA:40,0
DA:41,0
LF:41
LH:32
BRF:0
BRH:0
end_of_record
